app/build/outputs/logs/manifest-merger-debug-report.txt
-- Merging decision tree log ---
manifest
ADDED from src\main\AndroidManifest.xml:2:1-18:12
INJECTED from src\main\AndroidManifest.xml:2:1-18:12
INJECTED from src\main\AndroidManifest.xml:2:1-18:12
INJECTED from src\main\AndroidManifest.xml:2:1-18:12
INJECTED from src\main\AndroidManifest.xml:2:1-18:12
INJECTED from src\main\AndroidManifest.xml:2:1-18:12
INJECTED from src\main\AndroidManifest.xml:2:1-18:12
	package
		ADDED from src\main\AndroidManifest.xml:2:61-90
		INJECTED from src\main\AndroidManifest.xml
		INJECTED from src\main\AndroidManifest.xml
	android:versionName
		ADDED from src\main\AndroidManifest.xml:2:35-60
		INJECTED from src\main\AndroidManifest.xml
		INJECTED from src\main\AndroidManifest.xml
	xmlns:android
		ADDED from src\main\AndroidManifest.xml:2:91-149
	android:versionCode
		ADDED from src\main\AndroidManifest.xml:2:11-34
		INJECTED from src\main\AndroidManifest.xml
		INJECTED from src\main\AndroidManifest.xml
uses-sdk
ADDED from src\main\AndroidManifest.xml:3:3-41
INJECTED from src\main\AndroidManifest.xml:3:3-41
INJECTED from src\main\AndroidManifest.xml:3:3-41
INJECTED from src\main\AndroidManifest.xml:3:3-41
INJECTED from src\main\AndroidManifest.xml:3:3-41
	android:targetSdkVersion
		INJECTED from src\main\AndroidManifest.xml
		ADDED from src\main\AndroidManifest.xml:3:3-41
		INJECTED from src\main\AndroidManifest.xml
	android:minSdkVersion
		ADDED from src\main\AndroidManifest.xml:3:13-38
		INJECTED from src\main\AndroidManifest.xml
		INJECTED from src\main\AndroidManifest.xml
uses-permission#android.permission.INTERNET
ADDED from src\main\AndroidManifest.xml:4:3-64
	android:name
		ADDED from src\main\AndroidManifest.xml:4:20-62
uses-permission#android.permission.ACCESS_WIFI_STATE
ADDED from src\main\AndroidManifest.xml:5:3-73
	android:name
		ADDED from src\main\AndroidManifest.xml:5:20-71
uses-permission#android.permission.BLUETOOTH
ADDED from src\main\AndroidManifest.xml:6:3-65
	android:name
		ADDED from src\main\AndroidManifest.xml:6:20-63
uses-permission#android.permission.CAMERA
ADDED from src\main\AndroidManifest.xml:7:3-62
	android:name
		ADDED from src\main\AndroidManifest.xml:7:20-60
uses-permission#android.permission.VIBRATE
ADDED from src\main\AndroidManifest.xml:8:3-63
	android:name
		ADDED from src\main\AndroidManifest.xml:8:20-61
uses-permission#android.permission.READ_SMS
ADDED from src\main\AndroidManifest.xml:9:3-64
	android:name
		ADDED from src\main\AndroidManifest.xml:9:20-62
application
ADDED from src\main\AndroidManifest.xml:10:3-17:17
	android:label
		ADDED from src\main\AndroidManifest.xml:10:46-78
	android:icon
		ADDED from src\main\AndroidManifest.xml:10:16-45
activity#sk.kottman.androlua.Main
ADDED from src\main\AndroidManifest.xml:11:5-16:16
	android:label
		ADDED from src\main\AndroidManifest.xml:11:15-47
	android:name
		ADDED from src\main\AndroidManifest.xml:11:48-68
intent-filter#action:name:android.intent.action.MAIN+category:name:android.intent.category.LAUNCHER
ADDED from src\main\AndroidManifest.xml:12:7-15:23
action#android.intent.action.MAIN
ADDED from src\main\AndroidManifest.xml:13:9-60
	android:name
		ADDED from src\main\AndroidManifest.xml:13:17-58
category#android.intent.category.LAUNCHER
ADDED from src\main\AndroidManifest.xml:14:9-68
	android:name
		ADDED from src\main\AndroidManifest.xml:14:19-66